[2022.04.27 19:01.13.040] 0 Local client
[2022.04.27 19:01.13.074] 0 Handle connection
[2022.04.27 19:01.13.079] 0 Running match
[2022.04.27 19:01.13.079] 0 ->- Loading .games extension point ->-
[2022.04.27 19:01.13.186] 0   Loaded game: com.ibm.jc.coderally
[2022.04.27 19:01.13.186] 0 -<- Done loading .games extension point -<-
[2022.04.27 19:01.13.186] 0 Game: CodeRally
[2022.04.27 19:01.13.196] 0 Create client
[2022.04.27 19:01.13.621] 0 ->- Loading .samples extension point ->-
[2022.04.27 19:01.13.621] 0   Loaded sample: com.ibm.jc.coderally.internal.samples.NullTeam00
[2022.04.27 19:01.13.621] 0   Loaded sample: com.ibm.jc.coderally.internal.samples.Corners01
[2022.04.27 19:01.13.621] 0   Loaded sample: com.ibm.jc.coderally.internal.samples.Reverse02
[2022.04.27 19:01.13.622] 0   Loaded sample: com.ibm.jc.coderally.internal.samples.Right03
[2022.04.27 19:01.13.622] 0   Loaded sample: com.ibm.jc.coderally.internal.samples.LeftReverse04
[2022.04.27 19:01.13.622] 0   Loaded sample: com.ibm.jc.coderally.internal.samples.CrazyDriver05
[2022.04.27 19:01.13.622] 0   Loaded sample: com.ibm.jc.coderally.internal.samples.Figure8Driver06
[2022.04.27 19:01.13.622] 0   Loaded sample: com.ibm.jc.coderally.internal.samples.HitWallDriver07
[2022.04.27 19:01.13.622] 0   Loaded sample: com.ibm.jc.coderally.internal.samples.FuelHogDriver08
[2022.04.27 19:01.13.622] 0   Loaded sample: com.ibm.jc.coderally.internal.samples.CheckpointDriver09
[2022.04.27 19:01.13.622] 0   Loaded sample: com.ibm.jc.coderally.internal.samples.SpareTireDriver10
[2022.04.27 19:01.13.622] 0 -<- Done loading .samples extension point -<-
[2022.04.27 19:01.13.633] 0 Loading class: RallyCar
[2022.04.27 19:01.13.633] 0 Class not found in parent
[2022.04.27 19:01.13.634] 0 Loading RallyCar from C:\encodeous\Hornet\Hornet\bin
[2022.04.27 19:01.13.635] 0 Loading class: com.ibm.rally.Car
[2022.04.27 19:01.13.637] 0 Loading class: java.lang.Object
[2022.04.27 19:01.13.643] 0 Loading class: com.ibm.jc.JavaChallenge
[2022.04.27 19:01.13.662] 0 Loaded players:
[2022.04.27 19:01.13.662] 0   Hornet - Bees
[2022.04.27 19:01.13.662] 0 Playing match
[2022.04.27 19:01.13.666] 0 Broadcast
[2022.04.27 19:01.13.683] 0 Pausing to allow UI to catch up 0.0 5.0
[2022.04.27 19:01.14.692] 0 Pausing to allow UI to catch up 0.0 5.0
[2022.04.27 19:01.15.696] 0 Pausing to allow UI to catch up 0.30080497 5.0
[2022.04.27 19:01.16.711] 0 Pausing to allow UI to catch up 1.3190683 5.0
[2022.04.27 19:01.17.723] 0 Pausing to allow UI to catch up 2.329482 5.0
[2022.04.27 19:01.18.723] 0 Pausing to allow UI to catch up 3.3248196 5.0
[2022.04.27 19:01.19.738] 0 Loading class: Vec2d
[2022.04.27 19:01.19.738] 0 Class not found in parent
[2022.04.27 19:01.19.738] 0 Loading Vec2d from C:\encodeous\Hornet\Hornet\bin
[2022.04.27 19:01.19.740] 0 Loading class: java.lang.Math
[2022.04.27 19:01.19.740] 0 Loading class: java.lang.System
[2022.04.27 19:01.19.741] 0 Loading class: java.io.PrintStream
[2022.04.27 19:01.19.742] 0 Pausing to allow UI to catch up 4.350956 5.4
[2022.04.27 19:01.20.760] 0 Pausing to allow UI to catch up 5.3682585 6.4
[2022.04.27 19:01.21.773] 0 Pausing to allow UI to catch up 6.380181 7.4
[2022.04.27 19:01.22.774] 0 Pausing to allow UI to catch up 7.383018 8.4
[2022.04.27 19:01.23.776] 0 Pausing to allow UI to catch up 8.384813 9.4
[2022.04.27 19:01.24.782] 0 Pausing to allow UI to catch up 9.391604 10.4
[2022.04.27 19:01.25.787] 0 Pausing to allow UI to catch up 10.395926 11.4
[2022.04.27 19:01.26.792] 0 Pausing to allow UI to catch up 11.400937 12.5
[2022.04.27 19:01.27.794] 0 Pausing to allow UI to catch up 12.401359 13.5
[2022.04.27 19:01.28.799] 0 Pausing to allow UI to catch up 13.405726 14.5
[2022.04.27 19:01.29.806] 0 Pausing to allow UI to catch up 14.415086 15.5
[2022.04.27 19:01.30.808] 0 Pausing to allow UI to catch up 15.418026 16.5
[2022.04.27 19:01.31.813] 0 Pausing to allow UI to catch up 16.420914 17.5
[2022.04.27 19:01.32.819] 0 Pausing to allow UI to catch up 17.427736 18.5
[2022.04.27 19:01.33.826] 0 Pausing to allow UI to catch up 18.434402 19.5
[2022.04.27 19:01.34.830] 0 Pausing to allow UI to catch up 19.437832 20.5
[2022.04.27 19:01.35.840] 0 Pausing to allow UI to catch up 20.447393 21.5
[2022.04.27 19:01.36.856] 0 Pausing to allow UI to catch up 21.465359 22.5
[2022.04.27 19:01.37.861] 0 Pausing to allow UI to catch up 22.47142 23.5
