[2022.04.27 19:33.59.385]  0 No existing info
[2022.04.27 19:37.28.736]  0 Launching match
[2022.04.27 19:37.29.890]  0 Local connection
[2022.04.27 19:37.29.891]  0 Match requested
[2022.04.27 19:37.55.465]  0 Launching match
[2022.04.27 19:37.58.385]  0 Local connection
[2022.04.27 19:37.58.386]  0 Match requested
[2022.04.27 19:38.33.043]  0 Launching match
[2022.04.27 19:38.34.120]  0 Local connection
[2022.04.27 19:38.34.121]  0 Match requested
[2022.04.27 19:39.51.234]  0 Launching match
[2022.04.27 19:39.52.315]  0 Local connection
[2022.04.27 19:39.52.316]  0 Match requested
[2022.04.27 19:40.55.604]  0 Launching match
[2022.04.27 19:40.56.546]  0 Local connection
[2022.04.27 19:40.56.546]  0 Match requested
[2022.04.27 19:41.35.978]  0 Launching match
[2022.04.27 19:41.36.955]  0 Local connection
[2022.04.27 19:41.36.955]  0 Match requested
[2022.04.27 19:42.03.380]  0 Launching match
[2022.04.27 19:42.04.328]  0 Local connection
[2022.04.27 19:42.04.329]  0 Match requested
[2022.04.27 19:42.17.075]  0 Launching match
[2022.04.27 19:42.18.006]  0 Local connection
[2022.04.27 19:42.18.006]  0 Match requested
[2022.04.27 19:43.26.785]  0 Launching match
[2022.04.27 19:43.27.802]  0 Local connection
[2022.04.27 19:43.27.802]  0 Match requested
[2022.04.27 19:48.21.460]  0 Launching match
[2022.04.27 19:48.22.459]  0 Local connection
[2022.04.27 19:48.22.460]  0 Match requested
[2022.04.27 19:48.40.441]  0 Launching match
[2022.04.27 19:48.41.464]  0 Local connection
[2022.04.27 19:48.41.465]  0 Match requested
[2022.04.27 19:51.31.941]  0 Launching match
[2022.04.27 19:51.33.017]  0 Local connection
[2022.04.27 19:51.33.018]  0 Match requested
[2022.04.27 19:53.03.353]  0 Launching match
[2022.04.27 19:53.06.084]  0 Local connection
[2022.04.27 19:53.06.084]  0 Match requested
[2022.04.27 20:37.18.177]  0 Launching match
[2022.04.27 20:37.19.194]  0 Local connection
[2022.04.27 20:37.19.195]  0 Match requested
[2022.04.27 20:40.38.970]  0 Launching match
[2022.04.27 20:40.39.964]  0 Local connection
[2022.04.27 20:40.39.965]  0 Match requested
[2022.04.27 20:53.03.945]  0 Launching match
[2022.04.27 20:53.05.019]  0 Local connection
[2022.04.27 20:53.05.019]  0 Match requested
[2022.04.27 20:53.34.473]  0 Launching match
[2022.04.27 20:53.35.516]  0 Local connection
[2022.04.27 20:53.35.516]  0 Match requested
[2022.04.27 20:55.28.473]  0 Launching match
[2022.04.27 20:55.29.478]  0 Local connection
[2022.04.27 20:55.29.479]  0 Match requested
[2022.04.27 20:58.30.738]  0 Launching match
[2022.04.27 20:58.33.264]  0 Local connection
[2022.04.27 20:58.33.264]  0 Match requested
[2022.04.27 21:01.21.562]  0 Launching match
[2022.04.27 21:01.22.601]  0 Local connection
[2022.04.27 21:01.22.601]  0 Match requested
[2022.04.27 21:02.10.080]  0 Launching match
[2022.04.27 21:02.11.108]  0 Local connection
[2022.04.27 21:02.11.108]  0 Match requested
[2022.04.27 21:04.33.825]  0 Launching match
[2022.04.27 21:04.34.905]  0 Local connection
[2022.04.27 21:04.34.906]  0 Match requested
[2022.04.27 21:09.01.584]  0 Launching match
[2022.04.27 21:09.02.608]  0 Local connection
[2022.04.27 21:09.02.608]  0 Match requested
[2022.04.27 21:12.40.923]  0 Launching match
[2022.04.27 21:12.41.956]  0 Local connection
[2022.04.27 21:12.41.956]  0 Match requested
[2022.04.27 21:16.57.738]  0 Launching match
[2022.04.27 21:16.58.716]  0 Local connection
[2022.04.27 21:16.58.717]  0 Match requested
[2022.04.27 21:17.48.473]  0 Launching match
[2022.04.27 21:17.49.539]  0 Local connection
[2022.04.27 21:17.49.540]  0 Match requested
[2022.04.27 21:19.42.202]  0 Launching match
[2022.04.27 21:19.43.221]  0 Local connection
[2022.04.27 21:19.43.222]  0 Match requested
[2022.04.27 21:22.37.993]  0 Launching match
[2022.04.27 21:22.40.294]  0 Local connection
[2022.04.27 21:22.40.295]  0 Match requested
[2022.04.27 21:33.41.240]  0 Launching match
[2022.04.27 21:33.42.346]  0 Local connection
[2022.04.27 21:33.42.346]  0 Match requested
[2022.04.27 21:38.18.842]  0 Launching match
[2022.04.27 21:38.19.881]  0 Local connection
[2022.04.27 21:38.19.882]  0 Match requested
[2022.04.27 21:41.00.881]  0 Launching match
[2022.04.27 21:41.01.886]  0 Local connection
[2022.04.27 21:41.01.886]  0 Match requested
[2022.04.27 21:44.29.593]  0 Launching match
[2022.04.27 21:44.30.605]  0 Local connection
[2022.04.27 21:44.30.605]  0 Match requested
[2022.04.27 21:56.44.673]  0 Launching match
[2022.04.27 21:56.45.741]  0 Local connection
[2022.04.27 21:56.45.742]  0 Match requested
[2022.04.27 21:58.40.305]  0 Launching match
[2022.04.27 21:58.41.322]  0 Local connection
[2022.04.27 21:58.41.323]  0 Match requested
[2022.04.27 22:03.31.505]  0 Launching match
[2022.04.27 22:03.32.540]  0 Local connection
[2022.04.27 22:03.32.540]  0 Match requested
[2022.04.27 22:06.04.032]  0 Launching match
[2022.04.27 22:06.05.081]  0 Local connection
[2022.04.27 22:06.05.082]  0 Match requested
[2022.04.27 22:09.49.248]  0 Launching match
[2022.04.27 22:09.50.404]  0 Local connection
[2022.04.27 22:09.50.405]  0 Match requested
[2022.04.27 22:11.19.521]  0 Launching match
[2022.04.27 22:11.20.564]  0 Local connection
[2022.04.27 22:11.20.565]  0 Match requested
[2022.04.27 22:13.47.668]  0 Launching match
[2022.04.27 22:13.48.586]  0 Local connection
[2022.04.27 22:13.48.586]  0 Match requested
[2022.04.27 22:14.54.686]  0 Local connection
[2022.04.27 22:14.54.686]  0 Local server receiving match
[2022.04.27 22:14.54.714]  0 No existing info
[2022.04.27 22:14.54.715]  10 Saving match: -280998699
[2022.04.27 22:14.54.717]  10 Time: 2
[2022.04.27 22:16.33.884]  0 Launching match
[2022.04.27 22:16.34.796]  0 Local connection
[2022.04.27 22:16.34.796]  0 Match requested
[2022.04.27 22:17.40.885]  0 Local connection
[2022.04.27 22:17.40.885]  0 Local server receiving match
[2022.04.27 22:17.40.900]  10 Saving match: -280832225
[2022.04.27 22:17.40.901]  10 Time: 1
[2022.04.27 22:19.14.419]  0 Launching match
[2022.04.27 22:19.15.359]  0 Local connection
[2022.04.27 22:19.15.359]  0 Match requested
[2022.04.27 22:19.55.360]  0 Launching match
[2022.04.27 22:19.56.402]  0 Local connection
[2022.04.27 22:19.56.403]  0 Match requested
[2022.04.27 22:20.11.785]  0 Local connection
[2022.04.27 22:20.11.786]  0 Match requested
[2022.04.27 22:21.17.904]  0 Local connection
[2022.04.27 22:21.17.904]  0 Local server receiving match
[2022.04.27 22:21.17.919]  10 Saving match: -280614969
[2022.04.27 22:21.17.920]  10 Time: 1
[2022.04.27 22:22.04.882]  0 Launching match
[2022.04.27 22:22.05.929]  0 Local connection
[2022.04.27 22:22.05.930]  0 Match requested
[2022.04.27 22:23.21.947]  0 Launching match
[2022.04.27 22:23.39.784]  0 Launching match
[2022.04.27 22:23.40.832]  0 Local connection
[2022.04.27 22:23.40.833]  0 Match requested
[2022.04.27 22:26.21.000]  0 Launching match
[2022.04.27 22:26.22.043]  0 Local connection
[2022.04.27 22:26.22.044]  0 Match requested
[2022.04.27 22:29.03.801]  0 Launching match
[2022.04.27 22:29.07.623]  0 Local connection
[2022.04.27 22:29.07.624]  0 Match requested
[2022.04.27 22:30.09.634]  0 Launching match
[2022.04.27 22:30.10.689]  0 Local connection
[2022.04.27 22:30.10.689]  0 Match requested
[2022.04.27 22:31.37.690]  0 Local connection
[2022.04.27 22:31.37.690]  0 Local server receiving match
[2022.04.27 22:31.37.713]  10 Saving match: -280016813
[2022.04.27 22:31.37.716]  10 Time: 3
[2022.04.27 22:31.45.923]  0 Launching match
[2022.04.27 22:31.46.859]  0 Local connection
[2022.04.27 22:31.46.859]  0 Match requested
[2022.04.27 22:32.53.889]  0 Local connection
[2022.04.27 22:32.53.889]  0 Local server receiving match
[2022.04.27 22:32.53.900]  10 Saving match: -279920429
[2022.04.27 22:32.53.901]  10 Time: 1
[2022.04.27 22:33.13.827]  0 Launching match
[2022.04.27 22:33.14.731]  0 Local connection
[2022.04.27 22:33.14.731]  0 Match requested
[2022.04.27 22:34.20.816]  0 Local connection
[2022.04.27 22:34.20.817]  0 Local server receiving match
[2022.04.27 22:34.20.830]  10 Saving match: -279832258
[2022.04.27 22:34.20.831]  10 Time: 1
[2022.04.27 22:35.06.690]  0 Launching match
[2022.04.27 22:35.07.604]  0 Local connection
[2022.04.27 22:35.07.605]  0 Match requested
[2022.04.27 22:36.14.628]  0 Local connection
[2022.04.27 22:36.14.628]  0 Local server receiving match
[2022.04.27 22:36.14.643]  10 Saving match: -279719929
[2022.04.27 22:36.14.644]  10 Time: 1
[2022.04.27 22:36.47.524]  0 Launching match
[2022.04.27 22:36.48.496]  0 Local connection
[2022.04.27 22:36.48.496]  0 Match requested
[2022.04.27 22:37.26.755]  0 Launching match
[2022.04.27 22:37.27.667]  0 Local connection
[2022.04.27 22:37.27.667]  0 Match requested
[2022.04.27 22:38.33.772]  0 Local connection
[2022.04.27 22:38.33.772]  0 Local server receiving match
[2022.04.27 22:38.33.820]  10 Saving match: -345527714
[2022.04.27 22:38.33.822]  10 Time: 2
